Arguments: 
  /usr/local/bin/node /usr/local/Cellar/yarn/1.22.19/libexec/bin/yarn.js init

PATH: 
  /Users/eunhye/Desktop/python_keh/resource/anaconda3/bin:/Library/Frameworks/Python.framework/Versions/3.8/bin:/usr/local/bin:/usr/bin:/bin:/usr/sbin:/sbin:/Users/eunhye/Desktop/python_keh/resource/anaconda3/bin:/Library/Frameworks/Python.framework/Versions/3.8/bin

Yarn version: 
  1.22.19

Node version: 
  16.16.0

Platform: 
  darwin x64

Trace: 
  Error: canceled
      at Interface.<anonymous> (/usr/local/Cellar/yarn/1.22.19/libexec/lib/cli.js:137150:13)
      at Interface.emit (node:events:527:28)
      at Interface._ttyWrite (node:readline:1081:16)
      at ReadStream.onkeypress (node:readline:288:10)
      at ReadStream.emit (node:events:527:28)
      at emitKeys (node:internal/readline/utils:358:14)
      at emitKeys.next (<anonymous>)
      at ReadStream.onData (node:internal/readline/emitKeypressEvents:61:36)
      at ReadStream.emit (node:events:527:28)
      at addChunk (node:internal/streams/readable:315:12)

npm manifest: 
  {
    "name": "chat-application",
    "version": "0.1.0",
    "private": true,
    "dependencies": {
      "@testing-library/jest-dom": "^5.14.1",
      "@testing-library/react": "^13.0.0",
      "@testing-library/user-event": "^13.2.1",
      "react": "^18.2.0",
      "react-dom": "^18.2.0",
      "react-router-dom": "^6.3.0",
      "react-scripts": "5.0.1",
      "styled-components": "^5.3.5",
      "web-vitals": "^2.1.0"
    },
    "scripts": {
      "start": "react-scripts start",
      "build": "react-scripts build",
      "test": "react-scripts test",
      "eject": "react-scripts eject"
    },
    "eslintConfig": {
      "extends": [
        "react-app",
        "react-app/jest"
      ]
    },
    "browserslist": {
      "production": [
        ">0.2%",
        "not dead",
        "not op_mini all"
      ],
      "development": [
        "last 1 chrome version",
        "last 1 firefox version",
        "last 1 safari version"
      ]
    }
  }

yarn manifest: 
  No manifest

Lockfile: 
  No lockfile
